<?xml version="1.0" encoding="UTF-8" ?>
<testsuite tests="1" failures="0" name="Runner.TestRunner" time="0.011" errors="1" skipped="0">
  <properties>
[...]
</properties>
  <testcase classname="Runner.TestRunner" name="initializationError" time="0.011">
    <error message="Failed to parse resource at: classpath:features/HealthCheck.feature
(2:1): expected: #TagLine, #FeatureLine, #Comment, #Empty, got &apos;Feature : E-commerce project Web site HealthCheck&apos;
(4:1): expected: #TagLine, #FeatureLine, #Comment, #Empty, got &apos;Scenario: User is able to Open the browser, navigate to the URL and Search for Product&apos;
(5:3): expected: #TagLine, #FeatureLine, #Comment, #Empty, got &apos;Given User opened Browser&apos;
(6:3): expected: #TagLine, #FeatureLine, #Comment, #Empty, got &apos;And User Navigated to home application URL&apos;
(7:3): expected: #TagLine, #FeatureLine, #Comment, #Empty, got &apos;When User Search for product &quot;Laptop&quot;&apos;
(8:3): expected: #TagLine, #FeatureLine, #Comment, #Empty, got &apos;Then Searched Product displayed&apos;
(9:0): unexpected end of file, expected: #TagLine, #FeatureLine, #Comment, #Empty" type="io.cucumber.core.gherkin.FeatureParserException">io.cucumber.core.gherkin.FeatureParserException: Failed to parse resource at: classpath:features/HealthCheck.feature
(2:1): expected: #TagLine, #FeatureLine, #Comment, #Empty, got &apos;Feature : E-commerce project Web site HealthCheck&apos;
(4:1): expected: #TagLine, #FeatureLine, #Comment, #Empty, got &apos;Scenario: User is able to Open the browser, navigate to the URL and Search for Product&apos;
(5:3): expected: #TagLine, #FeatureLine, #Comment, #Empty, got &apos;Given User opened Browser&apos;
(6:3): expected: #TagLine, #FeatureLine, #Comment, #Empty, got &apos;And User Navigated to home application URL&apos;
(7:3): expected: #TagLine, #FeatureLine, #Comment, #Empty, got &apos;When User Search for product &quot;Laptop&quot;&apos;
(8:3): expected: #TagLine, #FeatureLine, #Comment, #Empty, got &apos;Then Searched Product displayed&apos;
(9:0): unexpected end of file, expected: #TagLine, #FeatureLine, #Comment, #Empty
	at io.cucumber.core.gherkin.messages.GherkinMessagesFeatureParser.parse(GherkinMessagesFeatureParser.java:52)
	at io.cucumber.core.feature.FeatureParser.parseResource(FeatureParser.java:43)
	at java.util.function.BiFunction.lambda$andThen$0(BiFunction.java:70)
	at io.cucumber.core.resource.ResourceScanner.lambda$processResource$1(ResourceScanner.java:79)
	at io.cucumber.core.resource.PathScanner$ResourceFileVisitor.visitFile(PathScanner.java:70)
	at io.cucumber.core.resource.PathScanner$ResourceFileVisitor.visitFile(PathScanner.java:55)
	at java.nio.file.Files.walkFileTree(Files.java:2670)
	at io.cucumber.core.resource.PathScanner.findResourcesForPath(PathScanner.java:48)
	at io.cucumber.core.resource.PathScanner.findResourcesForUri(PathScanner.java:28)
	at io.cucumber.core.resource.ResourceScanner.findResourcesForUri(ResourceScanner.java:61)
	at io.cucumber.core.resource.ResourceScanner.lambda$findResourcesForUris$3(ResourceScanner.java:104)
	at java.util.stream.ReferencePipeline$3$1.accept(ReferencePipeline.java:193)
	at java.util.ArrayList$ArrayListSpliterator.forEachRemaining(ArrayList.java:1384)
	at java.util.stream.AbstractPipeline.copyInto(AbstractPipeline.java:482)
	at java.util.stream.AbstractPipeline.wrapAndCopyInto(AbstractPipeline.java:472)
	at java.util.stream.ReduceOps$ReduceOp.evaluateSequential(ReduceOps.java:708)
	at java.util.stream.AbstractPipeline.evaluate(AbstractPipeline.java:234)
	at java.util.stream.ReferencePipeline.collect(ReferencePipeline.java:499)
	at io.cucumber.core.resource.ResourceScanner.findResourcesForUris(ResourceScanner.java:107)
	at io.cucumber.core.resource.ResourceScanner.scanForClasspathResource(ResourceScanner.java:115)
	at io.cucumber.core.resource.ResourceScanner.scanForResourcesUri(ResourceScanner.java:131)
	at io.cucumber.core.runtime.FeaturePathFeatureSupplier.loadFeatures(FeaturePathFeatureSupplier.java:62)
	at io.cucumber.core.runtime.FeaturePathFeatureSupplier.get(FeaturePathFeatureSupplier.java:45)
	at io.cucumber.junit.Cucumber.&lt;init&gt;(Cucumber.java:158)
	at sun.reflect.NativeConstructorAccessorImpl.newInstance0(Native Method)
	at sun.reflect.NativeConstructorAccessorImpl.newInstance(NativeConstructorAccessorImpl.java:62)
	at sun.reflect.DelegatingConstructorAccessorImpl.newInstance(DelegatingConstructorAccessorImpl.java:45)
	at java.lang.reflect.Constructor.newInstance(Constructor.java:423)
	at org.junit.internal.builders.AnnotatedBuilder.buildRunner(AnnotatedBuilder.java:104)
	at org.junit.internal.builders.AnnotatedBuilder.runnerForClass(AnnotatedBuilder.java:86)
	at org.junit.runners.model.RunnerBuilder.safeRunnerForClass(RunnerBuilder.java:59)
	at org.junit.internal.builders.AllDefaultPossibilitiesBuilder.runnerForClass(AllDefaultPossibilitiesBuilder.java:26)
	at org.junit.runners.model.RunnerBuilder.safeRunnerForClass(RunnerBuilder.java:59)
	at org.junit.internal.requests.ClassRequest.getRunner(ClassRequest.java:33)
	at org.apache.maven.surefire.junit4.JUnit4Provider.execute(JUnit4Provider.java:250)
	at org.apache.maven.surefire.junit4.JUnit4Provider.executeTestSet(JUnit4Provider.java:141)
	at org.apache.maven.surefire.junit4.JUnit4Provider.invoke(JUnit4Provider.java:112)
	at sun.reflect.NativeMethodAccessorImpl.invoke0(Native Method)
	at sun.reflect.NativeMethodAccessorImpl.invoke(NativeMethodAccessorImpl.java:62)
	at sun.reflect.DelegatingMethodAccessorImpl.invoke(DelegatingMethodAccessorImpl.java:43)
	at java.lang.reflect.Method.invoke(Method.java:498)
	at org.apache.maven.surefire.util.ReflectionUtils.invokeMethodWithArray(ReflectionUtils.java:189)
	at org.apache.maven.surefire.booter.ProviderFactory$ProviderProxy.invoke(ProviderFactory.java:165)
	at org.apache.maven.surefire.booter.ProviderFactory.invokeProvider(ProviderFactory.java:85)
	at org.apache.maven.surefire.booter.ForkedBooter.runSuitesInProcess(ForkedBooter.java:115)
	at org.apache.maven.surefire.booter.ForkedBooter.main(ForkedBooter.java:75)
</error>
  </testcase>
</testsuite>